app/build/outputs/mapping/release/mapping.txt
l.files.FilesApp -> l.files.FilesApp:
    void <init>() -> <init>
    void onCreate() -> onCreate
    void onTrimMemory(int) -> onTrimMemory
l.files.base.Bytes -> l.files.a.a:
    int indexOf(byte[],byte) -> a
    int indexOf(byte[],byte,int) -> a
    int lastIndexOf(byte[],byte) -> b
l.files.base.Consumer -> l.files.a.b:
    void accept(java.lang.Object) -> a
l.files.base.Integers -> l.files.a.c:
    int compare(int,int) -> a
l.files.base.Longs -> l.files.a.d:
    int compare(long,long) -> a
l.files.base.Objects -> l.files.a.e:
    java.lang.Object requireNonNull(java.lang.Object) -> a
    java.lang.Object requireNonNull(java.lang.Object,java.lang.String) -> a
    boolean equal(java.lang.Object,java.lang.Object) -> a
    int hash(java.lang.Object[]) -> a
l.files.base.Provider -> l.files.a.f:
    java.lang.Object get() -> a
l.files.base.Throwables -> l.files.a.g:
    java.util.logging.Logger logger -> a
    java.lang.reflect.Method addSuppressed -> b
    java.lang.reflect.Method getAddSuppressedMethod() -> a
    void <init>() -> <init>
    void addSuppressed(java.lang.Throwable,java.lang.Throwable) -> a
    void <clinit>() -> <clinit>
l.files.base.io.Charsets -> l.files.a.a.a:
    java.nio.charset.Charset UTF_8 -> a
    void <clinit>() -> <clinit>
l.files.base.io.Readers -> l.files.a.a.b:
    java.lang.String readString(java.io.InputStream,int,java.nio.charset.Charset[]) -> a
    java.lang.String readStringWithCharset(java.io.InputStream,int,java.nio.charset.Charset) -> a
    java.nio.charset.CharsetDecoder newThrowingDecoder(java.nio.charset.Charset) -> a
l.files.bookmarks.BookmarkManager -> l.files.b.a:
    l.files.bookmarks.BookmarkManager instance -> a
    void <init>() -> <init>
    l.files.bookmarks.BookmarkManager get(android.content.Context) -> a
    void addBookmark(l.files.fs.Path) -> a
    void removeBookmark(l.files.fs.Path) -> b
    void removeBookmarks(java.util.Collection) -> a
    boolean hasBookmark(l.files.fs.Path) -> c
    java.util.Set getBookmarks() -> a
    void registerBookmarkChangedListener(l.files.bookmarks.BookmarkManager$BookmarkChangedListener) -> a
    void unregisterBookmarkChangedListener(l.files.bookmarks.BookmarkManager$BookmarkChangedListener) -> b
l.files.bookmarks.BookmarkManager$BookmarkChangedListener -> l.files.b.a$a:
    void onBookmarkChanged(l.files.bookmarks.BookmarkManager) -> a
l.files.bookmarks.BookmarkManagerImpl -> l.files.b.b:
    java.lang.String TAG -> a
    java.util.Set bookmarks -> b
    android.content.SharedPreferences pref -> c
    java.util.Set listeners -> d
    java.util.Set createDefaultBookmarks() -> c
    void addIfExists(java.util.Set,l.files.fs.Path) -> a
    boolean exists(l.files.fs.Path) -> d
    l.files.fs.Path externalStoragePath(java.lang.String) -> a
    void <init>(android.content.SharedPreferences) -> <init>
    java.util.Set toPathsV1(java.util.Set) -> a
    java.util.Set encode(java.util.Collection) -> b
    java.lang.String encode(l.files.fs.Path) -> e
    l.files.fs.Path decode(java.lang.String) -> b
    java.util.Set decode(java.util.Collection) -> c
    void addBookmark(l.files.fs.Path) -> a
    void removeBookmark(l.files.fs.Path) -> b
    void removeBookmarks(java.util.Collection) -> a
    void saveBookmarksAndNotify() -> d
    void notifyListeners() -> e
    boolean hasBookmark(l.files.fs.Path) -> c
    java.util.Set getBookmarks() -> a
    java.util.Set loadBookmarks() -> b
    void registerBookmarkChangedListener(l.files.bookmarks.BookmarkManager$BookmarkChangedListener) -> a
    void unregisterBookmarkChangedListener(l.files.bookmarks.BookmarkManager$BookmarkChangedListener) -> b
    void <clinit>() -> <clinit>
...
com.google.android.gms.ads.internal.zzb -> com.google.android.gms.ads.internal.b:
    com.google.android.gms.internal.zzka zzsz -> j
    boolean zzsA -> k
    void <init>(android.content.Context,com.google.android.gms.internal.zzeg,java.lang.String,com.google.android.gms.internal.zzka,com.google.android.gms.internal.zzqh,com.google.android.gms.ads.internal.zze) -> <init>
    void <init>(com.google.android.gms.ads.internal.zzx,com.google.android.gms.internal.zzka,com.google.android.gms.ads.internal.zzt,com.google.android.gms.ads.internal.zze) -> <init>
    boolean zza(com.google.android.gms.internal.zzec,com.google.android.gms.internal.zzgl) -> a
    void zzb(com.google.android.gms.internal.zzpb) -> b
    boolean zza(com.google.android.gms.internal.zzpb,com.google.android.gms.internal.zzpb) -> a
    void onAdClicked() -> e
    boolean zza(com.google.android.gms.internal.zzpb) -> a
    boolean zza(com.google.android.gms.internal.zzec,com.google.android.gms.internal.zzpb,boolean) -> a
    void pause() -> n
    void resume() -> o
    boolean zzc(com.google.android.gms.internal.zzec) -> b
    boolean zzbM() -> y
    void zzbN() -> a
    void zzbO() -> d
    void onPause() -> b
    void onResume() -> c
    void zzbP() -> z
    void zzbQ() -> A
    void zzbR() -> B
    void zzbS() -> C
    void zzbT() -> D
    void zzbU() -> E
    com.google.android.gms.internal.zzmk$zza zza(com.google.android.gms.internal.zzec,android.os.Bundle,com.google.android.gms.internal.zzpd) -> a
com.google.android.gms.ads.internal.zzb$1 -> com.google.android.gms.ads.internal.b$1:
    com.google.android.gms.ads.internal.zzb zzsB -> a
    void <init>(com.google.android.gms.ads.internal.zzb) -> <init>
    java.lang.Boolean zzbX() -> a
    java.lang.Object call() -> call
com.google.android.gms.ads.internal.zzb$2 -> com.google.android.gms.ads.internal.b$2:
    com.google.android.gms.ads.internal.zzb zzsB -> a
    void <init>(com.google.android.gms.ads.internal.zzb) -> <init>
    java.lang.String zzbY() -> a
    java.lang.Object call() -> call
com.google.android.gms.ads.internal.zzb$3 -> com.google.android.gms.ads.internal.b$3:
    com.google.android.gms.ads.internal.zzb zzsB -> a
    void <init>(com.google.android.gms.ads.internal.zzb) -> <init>
    java.lang.String zzbY() -> a
    java.lang.Object call() -> call
com.google.android.gms.ads.internal.zzb$4 -> com.google.android.gms.ads.internal.b$4:
    com.google.android.gms.internal.zzqm zzsC -> a
    com.google.android.gms.internal.zzqj zzsD -> b
    boolean zzsE -> c
    boolean zzsF -> d
    void <init>(com.google.android.gms.ads.internal.zzb,com.google.android.gms.internal.zzqm,com.google.android.gms.internal.zzqj,boolean,boolean) -> <init>
    void run() -> run
com.google.android.gms.ads.internal.zzb$5 -> com.google.android.gms.ads.internal.b$5:
    android.content.Intent zzsG -> a
    com.google.android.gms.ads.internal.zzb zzsB -> b
    void <init>(com.google.android.gms.ads.internal.zzb,android.content.Intent) -> <init>
    void run() -> run
com.google.android.gms.ads.internal.zzb$6 -> com.google.android.gms.ads.internal.b$6:
    com.google.android.gms.ads.internal.zzb zzsB -> a
    void <init>(com.google.android.gms.ads.internal.zzb) -> <init>
    void run() -> run
com.google.android.gms.ads.internal.zzb$7 -> com.google.android.gms.ads.internal.b$7:
    com.google.android.gms.ads.internal.zzb zzsB -> a
    void <init>(com.google.android.gms.ads.internal.zzb) -> <init>
    void run() -> run